#
# There is insufficient memory for the Java Runtime Environment to continue.
# Native memory allocation (malloc) failed to allocate 1048576 bytes for AllocateHeap
# Possible reasons:
#   The system is out of physical RAM or swap space
#   In 32 bit mode, the process size limit was hit
# Possible solutions:
#   Reduce memory load on the system
#   Increase physical memory or swap space
#   Check if swap backing store is full
#   Use 64 bit Java on a 64 bit OS
#   Decrease Java heap size (-Xmx/-Xms)
#   Decrease number of Java threads
#   Decrease Java thread stack sizes (-Xss)
#   Set larger code cache with -XX:ReservedCodeCacheSize=
# This output file may be truncated or incomplete.
#
#  Out of Memory Error (memory/allocation.inline.hpp:61), pid=14640, tid=0x0000000000002b2c
#
# JRE version:  (8.0_191-b12) (build )
# Java VM: Java HotSpot(TM) 64-Bit Server VM (25.191-b12 mixed mode windows-amd64 compressed oops)
# Failed to write core dump. Minidumps are not enabled by default on client versions of Windows
#

---------------  T H R E A D  ---------------

Current thread (0x00000000024f6800):  JavaThread "Unknown thread" [_thread_in_vm, id=11052, stack(0x00000000023f0000,0x00000000024f0000)]

Stack: [0x00000000023f0000,0x00000000024f0000]
[error occurred during error reporting (printing stack bounds), id 0xc0000005]

Native frames: (J=compiled Java code, j=interpreted, Vv=VM code, C=native code)


---------------  P R O C E S S  ---------------

Java Threads: ( => current thread )

Other Threads:

=>0x00000000024f6800 (exited) JavaThread "Unknown thread" [_thread_in_vm, id=11052, stack(0x00000000023f0000,0x00000000024f0000)]

VM state:not at safepoint (normal execution)

VM Mutex/Monitor currently owned by a thread: None

Heap:
 PSYoungGen      total 38400K, used 665K [0x00000000d5d80000, 0x00000000d8800000, 0x0000000100000000)
  eden space 33280K, 2% used [0x00000000d5d80000,0x00000000d5e26670,0x00000000d7e00000)
  from space 5120K, 0% used [0x00000000d8300000,0x00000000d8300000,0x00000000d8800000)
  to   space 5120K, 0% used [0x00000000d7e00000,0x00000000d7e00000,0x00000000d8300000)
 ParOldGen       total 87552K, used 0K [0x0000000081800000, 0x0000000086d80000, 0x00000000d5d80000)
  object space 87552K, 0% used [0x0000000081800000,0x0000000081800000,0x0000000086d80000)
 Metaspace       used 751K, capacity 4480K, committed 4480K, reserved 1056768K
  class space    used 76K, capacity 384K, committed 384K, reserved 1048576K

Card table byte_map: [0x00000000119b0000,0x0000000011db0000] byte_map_base: 0x00000000115a4000

Marking Bits: (ParMarkBitMap*) 0x000000006e593e30
 Begin Bits: [0x0000000012860000, 0x0000000014800000)
 End Bits:   [0x0000000014800000, 0x00000000167a0000)

Polling page: 0x00000000001e0000

CodeCache: size=245760Kb used=328Kb max_used=328Kb free=245431Kb
 bounds [0x00000000025f0000, 0x0000000002860000, 0x00000000115f0000]
 total_blobs=58 nmethods=0 adapters=38
 compilation: enabled

Compilation events (0 events):
No events

GC Heap History (0 events):
No events

Deoptimization events (0 events):
No events

Classes redefined (0 events):
No events

Internal exceptions (0 events):
No events

Events (10 events):
Event: 0.041 loading class java/lang/Short
Event: 0.041 loading class java/lang/Short done
Event: 0.041 loading class java/lang/Integer
Event: 0.042 loading class java/lang/Integer done
Event: 0.042 loading class java/lang/Long
Event: 0.042 loading class java/lang/Long done
Event: 0.043 loading class java/lang/NullPointerException
Event: 0.043 loading class java/lang/NullPointerException done
Event: 0.043 loading class java/lang/ArithmeticException
Event: 0.043 loading class java/lang/ArithmeticException done


Dynamic libraries:
0x00007ff784a20000 - 0x00007ff784a57000 	C:\Program Files\Java\jre1.8.0_191\bin\javaw.exe
0x00007ffa37f50000 - 0x00007ffa38131000 	C:\WINDOWS\SYSTEM32\ntdll.dll
0x00007ffa37c10000 - 0x00007ffa37cc1000 	C:\WINDOWS\System32\KERNEL32.DLL
0x00007ffa34540000 - 0x00007ffa347b3000 	C:\WINDOWS\System32\KERNELBASE.dll
0x00007ffa36580000 - 0x00007ffa36621000 	C:\WINDOWS\System32\ADVAPI32.dll
0x00007ffa35ee0000 - 0x00007ffa35f7e000 	C:\WINDOWS\System32\msvcrt.dll
0x00007ffa364d0000 - 0x00007ffa3652b000 	C:\WINDOWS\System32\sechost.dll
0x00007ffa35cc0000 - 0x00007ffa35de4000 	C:\WINDOWS\System32\RPCRT4.dll
0x00007ffa35560000 - 0x00007ffa356f0000 	C:\WINDOWS\System32\USER32.dll
0x00007ffa347c0000 - 0x00007ffa347e0000 	C:\WINDOWS\System32\win32u.dll
0x00007ffa36550000 - 0x00007ffa36578000 	C:\WINDOWS\System32\GDI32.dll
0x00007ffa34320000 - 0x00007ffa344b2000 	C:\WINDOWS\System32\gdi32full.dll
0x00007ffa351e0000 - 0x00007ffa3527f000 	C:\WINDOWS\System32\msvcp_win.dll
0x00007ffa352e0000 - 0x00007ffa353d8000 	C:\WINDOWS\System32\ucrtbase.dll
0x00007ffa251a0000 - 0x00007ffa25409000 	C:\WINDOWS\WinSxS\amd64_microsoft.windows.common-controls_6595b64144ccf1df_6.0.17134.706_none_fb43a2cb30647007\COMCTL32.dll
0x00007ffa35f80000 - 0x00007ffa362a2000 	C:\WINDOWS\System32\combase.dll
0x00007ffa344c0000 - 0x00007ffa3453a000 	C:\WINDOWS\System32\bcryptPrimitives.dll
0x00007ffa37d80000 - 0x00007ffa37dad000 	C:\WINDOWS\System32\IMM32.DLL
0x000000006d770000 - 0x000000006d842000 	C:\Program Files\Java\jre1.8.0_191\bin\msvcr100.dll
0x000000006dd70000 - 0x000000006e614000 	C:\Program Files\Java\jre1.8.0_191\bin\server\jvm.dll
0x00007ffa37f10000 - 0x00007ffa37f18000 	C:\WINDOWS\System32\PSAPI.DLL
0x00007ffa24280000 - 0x00007ffa24289000 	C:\WINDOWS\SYSTEM32\WSOCK32.dll
0x00007ffa31bc0000 - 0x00007ffa31be3000 	C:\WINDOWS\SYSTEM32\WINMM.dll
0x00007ffa362c0000 - 0x00007ffa3632c000 	C:\WINDOWS\System32\WS2_32.dll
0x00007ffa25450000 - 0x00007ffa2545a000 	C:\WINDOWS\SYSTEM32\VERSION.dll
0x00007ffa319f0000 - 0x00007ffa31a1a000 	C:\WINDOWS\SYSTEM32\WINMMBASE.dll
0x00007ffa35190000 - 0x00007ffa351d9000 	C:\WINDOWS\System32\cfgmgr32.dll
0x000000006dc80000 - 0x000000006dc8f000 	C:\Program Files\Java\jre1.8.0_191\bin\verify.dll
0x000000006dc50000 - 0x000000006dc79000 	C:\Program Files\Java\jre1.8.0_191\bin\java.dll
0x000000006dc30000 - 0x000000006dc46000 	C:\Program Files\Java\jre1.8.0_191\bin\zip.dll

VM Arguments:
jvm_args: -Dfile.encoding=UTF-8 
java_command: com.howtodoinjava.demo.MySqlConnector.MySQLAccess
java_class_path (initial): C:\Program Files\Java\jre1.8.0_191\lib\resources.jar;C:\Program Files\Java\jre1.8.0_191\lib\rt.jar;C:\Program Files\Java\jre1.8.0_191\lib\jsse.jar;C:\Program Files\Java\jre1.8.0_191\lib\jce.jar;C:\Program Files\Java\jre1.8.0_191\lib\charsets.jar;C:\Program Files\Java\jre1.8.0_191\lib\jfr.jar;C:\Program Files\Java\jre1.8.0_191\lib\ext\access-bridge-64.jar;C:\Program Files\Java\jre1.8.0_191\lib\ext\cldrdata.jar;C:\Program Files\Java\jre1.8.0_191\lib\ext\dnsns.jar;C:\Program Files\Java\jre1.8.0_191\lib\ext\jaccess.jar;C:\Program Files\Java\jre1.8.0_191\lib\ext\jfxrt.jar;C:\Program Files\Java\jre1.8.0_191\lib\ext\localedata.jar;C:\Program Files\Java\jre1.8.0_191\lib\ext\nashorn.jar;C:\Program Files\Java\jre1.8.0_191\lib\ext\sunec.jar;C:\Program Files\Java\jre1.8.0_191\lib\ext\sunjce_provider.jar;C:\Program Files\Java\jre1.8.0_191\lib\ext\sunmscapi.jar;C:\Program Files\Java\jre1.8.0_191\lib\ext\sunpkcs11.jar;C:\Program Files\Java\jre1.8.0_191\lib\ext\zipfs.jar;C:\Users\Karthik\Downloads\springbootdemo-hello-world-rest\springbootdemo\target\classes;C:\Users\Karthik\.m2\repository\org\glassfish\jersey\core\jersey-server\2.23.1\jersey-server-2.23.1.jar;E:\Application\eclipse\db-project\jar_files\mysql-connector-java-8.0.15.jar;C:\Users\Karthik\.m2\repository\org\springframework\boot\spring-boot-starter-data-jpa\1.4.0.RELEASE\spring-boot-starter-data-jpa-1.4.0.RELEASE.jar;C:\Users\Karthik\.m2\repository\org\springframework\boot\spring-boot-starter\1.4.0.RELEASE\spring-boot-starter-1.4.0.RELEASE.jar;C:\Users\Karthik\.m2\repository\org\springframework\boot\spring-boot\1.4.0.RELEASE\spring-boot-1.4.0.RELEASE.jar;C:\Users\Karthik\.m2\repository\org\springframework\boot\spring-boot-autoconfigure\1.4.0.RELEASE\spring-boot-autoconfigure-1.4.0.RELEASE.jar;C:\Users\Karthik\.m2\repository\org\springframework\boot\spring-boot-starter-logging\1.4.0.RELEASE\spring-boot-starter-logging-1.4.0.RELEASE.jar;C:\Users\Karthik\.m2\repository\ch\qos\logback\logback-cl
Launcher Type: SUN_STANDARD

Environment Variables:
JAVA_HOME=C:\Program Files\Java\jdk1.8.0_181
PATH=C:/Program Files/Java/jre1.8.0_191/bin/server;C:/Program Files/Java/jre1.8.0_191/bin;C:/Program Files/Java/jre1.8.0_191/lib/amd64;C:\Program Files (x86)\Common Files\Oracle\Java\javapath;C:\WINDOWS\system32;C:\WINDOWS;C:\WINDOWS\System32\Wbem;C:\WINDOWS\System32\WindowsPowerShell\v1.0\;C:\WINDOWS\System32\OpenSSH\;E:\Application\Git\cmd;E:\Application\Git\mingw64\bin;E:\Application\Git\usr\bin;C:\Program Files\nodejs\;C:\Program Files (x86)\Intel\Intel(R) Management Engine Components\DAL;C:\Program Files\Intel\Intel(R) Management Engine Components\DAL;E:\Application\Scripts\;E:\Application\;C:\Users\Karthik\AppData\Local\Microsoft\WindowsApps;E:\Application\apache-maven-3.5.4\bin;C:\Users\Karthik\AppData\Roaming\npm;C:\Program Files\nodejs;E:\Application\Microsoft VS Code\bin;C:\Program Files\Java\jdk1.8.0_181\bin;;E:\Application\Intellji\IntelliJ IDEA Community Edition 2018.3.5\bin;;E:\Application\eclipse;
USERNAME=Karthik
OS=Windows_NT
PROCESSOR_IDENTIFIER=Intel64 Family 6 Model 142 Stepping 10, GenuineIntel



---------------  S Y S T E M  ---------------

OS: Windows 10.0 , 64 bit Build 17134 (10.0.17134.706)

CPU:total 8 (initial active 8) (4 cores per cpu, 2 threads per core) family 6 model 142 stepping 10, cmov, cx8, fxsr, mmx, sse, sse2, sse3, ssse3, sse4.1, sse4.2, popcnt, avx, avx2, aes, clmul, erms, 3dnowpref, lzcnt, ht, tsc, tscinvbit, bmi1, bmi2, adx

Memory: 4k page, physical 8286588k(1596320k free), swap 8286588k(5692k free)

vm_info: Java HotSpot(TM) 64-Bit Server VM (25.191-b12) for windows-amd64 JRE (1.8.0_191-b12), built on Oct  6 2018 09:29:03 by "java_re" with MS VC++ 10.0 (VS2010)

time: Wed May 01 22:46:37 2019
elapsed time: 0 seconds (0d 0h 0m 0s)

